nohup: ignoring input
向量化后的维度是:(420464, 87279)
打印前5条数据: 
  (0, 5342)	0.047872399571824174
  (0, 72959)	0.14114551132617842
  (0, 39835)	0.2294817457434945
  (0, 51408)	0.19553545652852655
  (0, 41428)	0.20848246494168002
  (0, 41198)	0.25404604009190845
  (0, 34972)	0.2491885838871711
  (0, 43242)	0.18901706284340009
  (0, 59408)	0.2679568677240104
  (0, 35415)	0.14889372198308315
  (0, 47329)	0.21326533847360168
  (0, 35113)	0.22931161252645313
  (0, 45351)	0.35129610802516387
  (0, 63644)	0.2888623649623979
  (0, 84012)	0.27123511233915143
  (0, 70540)	0.2865654497633125
  (0, 35682)	0.18144741094308223
  (0, 51307)	0.2710925961098212
  (0, 41426)	0.14168378781483199
  (1, 58528)	0.2726078683027143
  (1, 63962)	0.22891711957322827
  (1, 39628)	0.060213609350376306
  (1, 60605)	0.17319476425683208
  (1, 47902)	0.34215783820145146
  (1, 51600)	0.2618903729748986
  :	:
  (3, 85612)	0.4537358329216279
  (3, 74866)	0.4387707642508076
  (3, 62260)	0.39408889086955873
  (3, 35484)	0.20716204017161186
  (3, 57147)	0.1956941349633323
  (3, 35357)	0.2570293049526441
  (3, 55115)	0.355653055235763
  (4, 68719)	0.24373974091622602
  (4, 44052)	0.15028970178353296
  (4, 73875)	0.1374731248691633
  (4, 62239)	0.15452662565303055
  (4, 43890)	0.1291756978317603
  (4, 39149)	0.19155676808258928
  (4, 45440)	0.3340970884766907
  (4, 45579)	0.32766362738571503
  (4, 63649)	0.20803623791311884
  (4, 58291)	0.31491953770576503
  (4, 74214)	0.30629712903188794
  (4, 50170)	0.32891392720249957
  (4, 47664)	0.18542281346835135
  (4, 51594)	0.17289660205975674
  (4, 57525)	0.21332644365025144
  (4, 72070)	0.2314893654536961
  (4, 5711)	0.15421443431733953
  (4, 84012)	0.2669340628818254
[0, 0, 0, 0, 0]
开始训练...
模型训练分数: 0.9744809379979547
训练时间: 34.87641716003418s
向量化后的维度是:(32876, 87279)
测试集得分score：0.9018432899379486
预测时间: 0.013318777084350586s
