nohup: ignoring input
向量化后的维度是:(420464, 87279)
打印前5条数据: 
  (0, 5342)	0.047872399571824174
  (0, 72959)	0.14114551132617842
  (0, 39835)	0.2294817457434945
  (0, 51408)	0.19553545652852655
  (0, 41428)	0.20848246494168002
  (0, 41198)	0.25404604009190845
  (0, 34972)	0.2491885838871711
  (0, 43242)	0.18901706284340009
  (0, 59408)	0.2679568677240104
  (0, 35415)	0.14889372198308315
  (0, 47329)	0.21326533847360168
  (0, 35113)	0.22931161252645313
  (0, 45351)	0.35129610802516387
  (0, 63644)	0.2888623649623979
  (0, 84012)	0.27123511233915143
  (0, 70540)	0.2865654497633125
  (0, 35682)	0.18144741094308223
  (0, 51307)	0.2710925961098212
  (0, 41426)	0.14168378781483199
  (1, 58528)	0.2726078683027143
  (1, 63962)	0.22891711957322827
  (1, 39628)	0.060213609350376306
  (1, 60605)	0.17319476425683208
  (1, 47902)	0.34215783820145146
  (1, 51600)	0.2618903729748986
  :	:
  (3, 85612)	0.4537358329216279
  (3, 74866)	0.4387707642508076
  (3, 62260)	0.39408889086955873
  (3, 35484)	0.20716204017161186
  (3, 57147)	0.1956941349633323
  (3, 35357)	0.2570293049526441
  (3, 55115)	0.355653055235763
  (4, 68719)	0.24373974091622602
  (4, 44052)	0.15028970178353296
  (4, 73875)	0.1374731248691633
  (4, 62239)	0.15452662565303055
  (4, 43890)	0.1291756978317603
  (4, 39149)	0.19155676808258928
  (4, 45440)	0.3340970884766907
  (4, 45579)	0.32766362738571503
  (4, 63649)	0.20803623791311884
  (4, 58291)	0.31491953770576503
  (4, 74214)	0.30629712903188794
  (4, 50170)	0.32891392720249957
  (4, 47664)	0.18542281346835135
  (4, 51594)	0.17289660205975674
  (4, 57525)	0.21332644365025144
  (4, 72070)	0.2314893654536961
  (4, 5711)	0.15421443431733953
  (4, 84012)	0.2669340628818254
[0, 0, 0, 0, 0]
开始训练...
模型训练分数: 0.978238637714938
训练时间: 4649.530995130539s
向量化后的维度是:(32876, 87279)
打印前5条数据: 
  (0, 77774)	0.1770137022504136
  (0, 76185)	0.194234390934694
  (0, 74590)	0.22685768258530772
  (0, 74471)	0.13614771888708638
  (0, 70880)	0.17063747433326476
  (0, 70828)	0.09413625554035476
  (0, 70354)	0.16442583161678323
  (0, 69403)	0.18027816818754283
  (0, 64351)	0.17729822554626434
  (0, 64250)	0.16915267591402847
  (0, 63963)	0.045430306207507494
  (0, 63516)	0.1971652422194647
  (0, 63468)	0.2082570497531952
  (0, 62746)	0.20901412628425017
  (0, 61569)	0.14416625703511918
  (0, 58585)	0.1534900076173766
  (0, 58583)	0.13877368847689378
  (0, 57580)	0.27804212207360507
  (0, 53804)	0.2143488581558512
  (0, 51927)	0.14634243978550648
  (0, 49938)	0.1562276763621928
  (0, 46007)	0.1287501277204633
  (0, 45973)	0.1957728187122987
  (0, 43778)	0.29912207869927665
  (0, 41700)	0.15455341652643967
  :	:
  (3, 75672)	0.24035344599117686
  (3, 74485)	0.17431347946545575
  (3, 70061)	0.26519267887366627
  (3, 63609)	0.2675897926656034
  (3, 60607)	0.24650321212364323
  (3, 60557)	0.19922101531058536
  (3, 58097)	0.22145637202642116
  (3, 52233)	0.25652244368230787
  (3, 48697)	0.3063210943653958
  (3, 43852)	0.17827059467189493
  (3, 39493)	0.18200530544416677
  (3, 39350)	0.16650340190016313
  (3, 39264)	0.1936795000870382
  (3, 36257)	0.17470900951273904
  (3, 7453)	0.3811982903265046
  (3, 5426)	0.21271297094075545
  (3, 5335)	0.2529575823604054
  (3, 3693)	0.21347187364723474
  (4, 85426)	0.45790663939161713
  (4, 68954)	0.452299377829675
  (4, 52107)	0.49348644299199135
  (4, 49665)	0.2839595266925601
  (4, 43591)	0.3140301223009893
  (4, 16291)	0.36243353802428807
  (4, 5270)	0.1777973931260984
[0, 0, 0, 0, 0]
测试集得分score：0.986677211339579
预测时间: 5.076128005981445s
